[debug] [2024-10-21T08:22:49.235Z] ----------------------------------------------------------------------
[debug] [2024-10-21T08:22:49.239Z] Command:       F:\node-v18.12.1-win-x86\node.exe C:\Users\Admin\AppData\Roaming\npm\node_modules\firebase-tools\lib\bin\firebase.js init
[debug] [2024-10-21T08:22:49.241Z] CLI Version:   9.10.0
[debug] [2024-10-21T08:22:49.241Z] Platform:      win32
[debug] [2024-10-21T08:22:49.241Z] Node Version:  v18.12.1
[debug] [2024-10-21T08:22:49.244Z] Time:          Mon Oct 21 2024 13:52:49 GMT+0530 (India Standard Time)
[debug] [2024-10-21T08:22:49.244Z] ----------------------------------------------------------------------
[debug] 
[debug] [2024-10-21T08:22:49.250Z] >>> [apiv2][query] GET https://firebase-public.firebaseio.com/cli.json [none]
[debug] [2024-10-21T08:22:49.349Z] > command requires scopes: ["email","openid","https://www.googleapis.com/auth/cloudplatformprojects.readonly","https://www.googleapis.com/auth/firebase","https://www.googleapis.com/auth/cloud-platform"]
[debug] [2024-10-21T08:22:49.350Z] > authorizing via signed-in user (ketaki2001@gmail.com)
[info] 
     ######## #### ########  ######## ########     ###     ######  ########
     ##        ##  ##     ## ##       ##     ##  ##   ##  ##       ##
     ######    ##  ########  ######   ########  #########  ######  ######
     ##        ##  ##    ##  ##       ##     ## ##     ##       ## ##
     ##       #### ##     ## ######## ########  ##     ##  ######  ########

You're about to initialize a Firebase project in this directory:

  E:\OJ_MERN\coding-platform

[debug] [2024-10-21T08:22:49.997Z] <<< [apiv2][status] GET https://firebase-public.firebaseio.com/cli.json 200
[debug] [2024-10-21T08:22:49.997Z] <<< [apiv2][body] GET https://firebase-public.firebaseio.com/cli.json {"cloudBuildErrorAfter":1594252800000,"cloudBuildWarnAfter":1590019200000,"defaultNode10After":1594252800000,"minVersion":"3.0.5","node8DeploysDisabledAfter":1613390400000,"node8RuntimeDisabledAfter":1615809600000,"node8WarnAfter":1600128000000}
[info] 
=== Project Setup
[info] 
[info] First, let's associate this project directory with a Firebase project.
[info] You can create multiple project aliases by running firebase use --add, 
[info] but for now we'll just set up a default project.
[info] 
[debug] [2024-10-21T08:26:06.862Z] > refreshing access token with scopes: []
[debug] [2024-10-21T08:26:06.863Z] >>> HTTP REQUEST POST https://www.googleapis.com/oauth2/v3/token  
 <request body omitted>
[debug] [2024-10-21T08:26:07.095Z] <<< HTTP RESPONSE 400 {"pragma":"no-cache","expires":"Mon, 01 Jan 1990 00:00:00 GMT","date":"Mon, 21 Oct 2024 08:26:08 GMT","cache-control":"no-cache, no-store, max-age=0, must-revalidate","content-type":"application/json; charset=utf-8","vary":"X-Origin, Referer, Origin,Accept-Encoding","server":"scaffolding on HTTPServer2","x-xss-protection":"0","x-frame-options":"SAMEORIGIN","x-content-type-options":"nosniff","alt-svc":"h3=\":443\"; ma=2592000,h3-29=\":443\"; ma=2592000","accept-ranges":"none","transfer-encoding":"chunked"}
[debug] [2024-10-21T08:26:07.102Z] >>> [apiv2][query] GET https://firebase.googleapis.com/v1beta1/projects pageSize=100
[debug] [2024-10-21T08:26:07.496Z] <<< [apiv2][status] GET https://firebase.googleapis.com/v1beta1/projects 401
[debug] [2024-10-21T08:26:07.496Z] <<< [apiv2][body] GET https://firebase.googleapis.com/v1beta1/projects [omitted]
[debug] [2024-10-21T08:26:07.498Z] HTTP Error: 401, Request had invalid authentication credentials. Expected OAuth 2 access token, login cookie or other valid authentication credential. See https://developers.google.com/identity/sign-in/web/devconsole-project.
[debug] [2024-10-21T08:26:07.733Z] FirebaseError: HTTP Error: 401, Request had invalid authentication credentials. Expected OAuth 2 access token, login cookie or other valid authentication credential. See https://developers.google.com/identity/sign-in/web/devconsole-project.
    at module.exports (C:\Users\Admin\AppData\Roaming\npm\node_modules\firebase-tools\lib\responseToError.js:38:12)
    at Client.doRequest (C:\Users\Admin\AppData\Roaming\npm\node_modules\firebase-tools\lib\apiv2.js:238:23)
    at process.processTicksAndRejections (node:internal/process/task_queues:95:5)
    at async Client.request (C:\Users\Admin\AppData\Roaming\npm\node_modules\firebase-tools\lib\apiv2.js:96:20)
    at async getProjectPage (C:\Users\Admin\AppData\Roaming\npm\node_modules\firebase-tools\lib\management\projects.js:233:17)
    at async getFirebaseProjectPage (C:\Users\Admin\AppData\Roaming\npm\node_modules\firebase-tools\lib\management\projects.js:250:23)
    at async selectProjectInteractively (C:\Users\Admin\AppData\Roaming\npm\node_modules\firebase-tools\lib\management\projects.js:95:41)
    at async Object.doSetup [as project] (C:\Users\Admin\AppData\Roaming\npm\node_modules\firebase-tools\lib\init\features\project.js:87:27)
    at async init (C:\Users\Admin\AppData\Roaming\npm\node_modules\firebase-tools\lib\init\index.js:19:9)
[error] 
[error] Error: Failed to list Firebase projects. See firebase-debug.log for more info.
[debug] [2024-10-21T08:26:31.405Z] ----------------------------------------------------------------------
[debug] [2024-10-21T08:26:31.407Z] Command:       F:\node-v18.12.1-win-x86\node.exe C:\Users\Admin\AppData\Roaming\npm\node_modules\firebase-tools\lib\bin\firebase.js init
[debug] [2024-10-21T08:26:31.408Z] CLI Version:   9.10.0
[debug] [2024-10-21T08:26:31.408Z] Platform:      win32
[debug] [2024-10-21T08:26:31.408Z] Node Version:  v18.12.1
[debug] [2024-10-21T08:26:31.411Z] Time:          Mon Oct 21 2024 13:56:31 GMT+0530 (India Standard Time)
[debug] [2024-10-21T08:26:31.411Z] ----------------------------------------------------------------------
[debug] 
[debug] [2024-10-21T08:26:31.421Z] > command requires scopes: ["email","openid","https://www.googleapis.com/auth/cloudplatformprojects.readonly","https://www.googleapis.com/auth/firebase","https://www.googleapis.com/auth/cloud-platform"]
[debug] [2024-10-21T08:26:31.422Z] > authorizing via signed-in user (ketaki2001@gmail.com)
[info] 
     ######## #### ########  ######## ########     ###     ######  ########
     ##        ##  ##     ## ##       ##     ##  ##   ##  ##       ##
     ######    ##  ########  ######   ########  #########  ######  ######
     ##        ##  ##    ##  ##       ##     ## ##     ##       ## ##
     ##       #### ##     ## ######## ########  ##     ##  ######  ########

You're about to initialize a Firebase project in this directory:

  E:\OJ_MERN\coding-platform

[info] 
=== Project Setup
[info] 
[info] First, let's associate this project directory with a Firebase project.
[info] You can create multiple project aliases by running firebase use --add, 
[info] but for now we'll just set up a default project.
[info] 
[info] i  If you want to create a project in a Google Cloud organization or folder, please use "firebase projects:create" instead, and return to this command when you've created the project. 
[debug] [2024-10-21T08:28:39.671Z] > refreshing access token with scopes: ["email","https://www.googleapis.com/auth/cloud-platform","https://www.googleapis.com/auth/cloudplatformprojects.readonly","https://www.googleapis.com/auth/firebase","openid"]
[debug] [2024-10-21T08:28:39.672Z] >>> HTTP REQUEST POST https://www.googleapis.com/oauth2/v3/token  
 <request body omitted>
[debug] [2024-10-21T08:28:39.961Z] <<< HTTP RESPONSE 400 {"pragma":"no-cache","date":"Mon, 21 Oct 2024 08:28:41 GMT","expires":"Mon, 01 Jan 1990 00:00:00 GMT","cache-control":"no-cache, no-store, max-age=0, must-revalidate","content-type":"application/json; charset=utf-8","vary":"X-Origin, Referer, Origin,Accept-Encoding","server":"scaffolding on HTTPServer2","x-xss-protection":"0","x-frame-options":"SAMEORIGIN","x-content-type-options":"nosniff","alt-svc":"h3=\":443\"; ma=2592000,h3-29=\":443\"; ma=2592000","accept-ranges":"none","transfer-encoding":"chunked"}
[debug] [2024-10-21T08:28:39.966Z] >>> HTTP REQUEST POST https://cloudresourcemanager.googleapis.com/v1/projects  
 {"projectId":"online-judge-954f7","name":"Online Judge"}
[debug] [2024-10-21T08:28:41.318Z] <<< HTTP RESPONSE 401 {"www-authenticate":"Bearer realm=\"https://accounts.google.com/\", error=\"invalid_token\"","vary":"X-Origin, Referer, Origin,Accept-Encoding","content-type":"application/json; charset=UTF-8","date":"Mon, 21 Oct 2024 08:28:42 GMT","server":"ESF","cache-control":"private","x-xss-protection":"0","x-frame-options":"SAMEORIGIN","x-content-type-options":"nosniff","server-timing":"gfet4t7; dur=1133","alt-svc":"h3=\":443\"; ma=2592000,h3-29=\":443\"; ma=2592000","accept-ranges":"none","transfer-encoding":"chunked"}
[debug] [2024-10-21T08:28:41.319Z] <<< HTTP RESPONSE BODY {"error":{"code":401,"message":"Request had invalid authentication credentials. Expected OAuth 2 access token, login cookie or other valid authentication credential. See https://developers.google.com/identity/sign-in/web/devconsole-project.","status":"UNAUTHENTICATED","details":[{"@type":"type.googleapis.com/google.rpc.ErrorInfo","reason":"ACCESS_TOKEN_TYPE_UNSUPPORTED","metadata":{"method":"google.cloudresourcemanager.v1.Projects.CreateProject","service":"cloudresourcemanager.googleapis.com"}}]}}
[debug] [2024-10-21T08:28:41.506Z] FirebaseError: HTTP Error: 401, Request had invalid authentication credentials. Expected OAuth 2 access token, login cookie or other valid authentication credential. See https://developers.google.com/identity/sign-in/web/devconsole-project.
    at module.exports (C:\Users\Admin\AppData\Roaming\npm\node_modules\firebase-tools\lib\responseToError.js:38:12)
    at Request._callback (C:\Users\Admin\AppData\Roaming\npm\node_modules\firebase-tools\lib\api.js:41:35)
    at self.callback (C:\Users\Admin\AppData\Roaming\npm\node_modules\firebase-tools\node_modules\request\request.js:185:22)
    at Request.emit (node:events:513:28)
    at Request.emit (node:domain:489:12)
    at Request.<anonymous> (C:\Users\Admin\AppData\Roaming\npm\node_modules\firebase-tools\node_modules\request\request.js:1154:10)
    at Request.emit (node:events:513:28)
    at Request.emit (node:domain:489:12)
    at IncomingMessage.<anonymous> (C:\Users\Admin\AppData\Roaming\npm\node_modules\firebase-tools\node_modules\request\request.js:1076:12)
    at Object.onceWrapper (node:events:627:28)
    at IncomingMessage.emit (node:events:525:35)
    at IncomingMessage.emit (node:domain:489:12)
    at endReadableNT (node:internal/streams/readable:1359:12)
    at process.processTicksAndRejections (node:internal/process/task_queues:82:21)
[error] 
[error] Error: Failed to create project. See firebase-debug.log for more info.
